$ prisma migrate deploy && next build
Loaded Prisma config from prisma.config.ts.

Prisma schema loaded from prisma/schema.prisma.
Datasource "db": SQLite database "dev.db" at "file:./prisma/dev.db"

2 migrations found in prisma/migrations


No pending migrations to apply.
[baseline-browser-mapping] The data in this module is over two months old.  To ensure accurate Baseline data, please update: `npm i baseline-browser-mapping@latest -D`
 ⚠ Invalid next.config.js options detected: 
 ⚠     Unrecognized key(s) in object: 'outputFileTracingExcludes' at "experimental"
 ⚠ See more info here: https://nextjs.org/docs/messages/invalid-next-config
 ⚠ `experimental.outputFileTracingExcludes` has been moved to `outputFileTracingExcludes`. Please update your next.config.js file accordingly.
   ▲ Next.js 16.0.10 (Turbopack)
   - Environments: .env.local, .env
   - Experiments (use with caution):
     · optimizePackageImports
     ? outputFileTracingExcludes (invalid experimental key)

 ⚠ The "middleware" file convention is deprecated. Please use "proxy" instead. Learn more: https://nextjs.org/docs/messages/middleware-to-proxy
   Creating an optimized production build ...
[baseline-browser-mapping] The data in this module is over two months old.  To ensure accurate Baseline data, please update: `npm i baseline-browser-mapping@latest -D`
Found 1 warning while optimizing generated CSS:

[2m│   }[22m
[2m│ }[22m
[2m│[22m @import url("https://cdn.jsdelivr.net/gh/orioncactus/pretendard/dist/web/static/pretendard.min.css");
[2m┆[22m        [33m[2m^--[22m @import rules must precede all rules aside from @charset and @layer statements[39m
[2m┆[22m
[2m│ @layer base {[22m
[2m│   :root {[22m

 ✓ Compiled successfully in 15.8s
   Running TypeScript ...
   Collecting page data using 9 workers ...
[baseline-browser-mapping] The data in this module is over two months old.  To ensure accurate Baseline data, please update: `npm i baseline-browser-mapping@latest -D`
[baseline-browser-mapping] The data in this module is over two months old.  To ensure accurate Baseline data, please update: `npm i baseline-browser-mapping@latest -D`
[baseline-browser-mapping] The data in this module is over two months old.  To ensure accurate Baseline data, please update: `npm i baseline-browser-mapping@latest -D`
[baseline-browser-mapping] The data in this module is over two months old.  To ensure accurate Baseline data, please update: `npm i baseline-browser-mapping@latest -D`
[baseline-browser-mapping] The data in this module is over two months old.  To ensure accurate Baseline data, please update: `npm i baseline-browser-mapping@latest -D`
[baseline-browser-mapping] The data in this module is over two months old.  To ensure accurate Baseline data, please update: `npm i baseline-browser-mapping@latest -D`
[baseline-browser-mapping] The data in this module is over two months old.  To ensure accurate Baseline data, please update: `npm i baseline-browser-mapping@latest -D`
[baseline-browser-mapping] The data in this module is over two months old.  To ensure accurate Baseline data, please update: `npm i baseline-browser-mapping@latest -D`
[baseline-browser-mapping] The data in this module is over two months old.  To ensure accurate Baseline data, please update: `npm i baseline-browser-mapping@latest -D`
   Generating static pages using 9 workers (0/241) ...
[baseline-browser-mapping] The data in this module is over two months old.  To ensure accurate Baseline data, please update: `npm i baseline-browser-mapping@latest -D`
[baseline-browser-mapping] The data in this module is over two months old.  To ensure accurate Baseline data, please update: `npm i baseline-browser-mapping@latest -D`
[baseline-browser-mapping] The data in this module is over two months old.  To ensure accurate Baseline data, please update: `npm i baseline-browser-mapping@latest -D`
[baseline-browser-mapping] The data in this module is over two months old.  To ensure accurate Baseline data, please update: `npm i baseline-browser-mapping@latest -D`
[baseline-browser-mapping] The data in this module is over two months old.  To ensure accurate Baseline data, please update: `npm i baseline-browser-mapping@latest -D`
[baseline-browser-mapping] The data in this module is over two months old.  To ensure accurate Baseline data, please update: `npm i baseline-browser-mapping@latest -D`
[baseline-browser-mapping] The data in this module is over two months old.  To ensure accurate Baseline data, please update: `npm i baseline-browser-mapping@latest -D`
[baseline-browser-mapping] The data in this module is over two months old.  To ensure accurate Baseline data, please update: `npm i baseline-browser-mapping@latest -D`
[baseline-browser-mapping] The data in this module is over two months old.  To ensure accurate Baseline data, please update: `npm i baseline-browser-mapping@latest -D`
   Generating static pages using 9 workers (60/241) 
   Generating static pages using 9 workers (120/241) 
 ⚠ metadataBase property in metadata export is not set for resolving social open graph or twitter images, using "http://localhost:3000". See https://nextjs.org/docs/app/api-reference/functions/generate-metadata#metadatabase
   Generating static pages using 9 workers (180/241) 
 ✓ Generating static pages using 9 workers (241/241) in 5.0s
   Finalizing page optimization ...

Route (app)
┌ ○ /
├ ○ /_not-found
├ ƒ /admin
├ ƒ /admin/projects
├ ƒ /admin/quotes
├ ƒ /admin/settings
├ ƒ /admin/users
├ ƒ /api/admin/projects
├ ƒ /api/admin/users
├ ƒ /api/auth/[...nextauth]
├ ƒ /api/projects
├ ƒ /api/projects/[id]
├ ƒ /api/quotes
├ ƒ /api/register
├ ƒ /api/upload/pdf
├ ƒ /api/upload/pdf-metadata
├ ƒ /api/vibers/schema
├ ƒ /api/vibers/submit
├ ○ /builder
├ ○ /builder/preview
├ ○ /dashboard
├ ○ /forgot-password
├ ○ /gentop
├ ● /gentop/[lang]
│ ├ /gentop/en
│ └ /gentop/ko
├ ● /gentop/[lang]/business
│ ├ /gentop/en/business
│ └ /gentop/ko/business
├ ● /gentop/[lang]/business/[slug]
│ ├ /gentop/en/business/construction
│ ├ /gentop/en/business/construction.html_1
│ ├ /gentop/en/business/construction.html_2
│ └ [+25 more paths]
├ ● /gentop/[lang]/company
│ ├ /gentop/en/company
│ └ /gentop/ko/company
├ ● /gentop/[lang]/company/[slug]
│ ├ /gentop/en/company/introduction
│ ├ /gentop/en/company/global_network
│ ├ /gentop/en/company/company_view
│ └ [+19 more paths]
├ ● /gentop/[lang]/contact
│ ├ /gentop/en/contact
│ └ /gentop/ko/contact
├ ○ /login
├ ○ /pdf-converter
├ ○ /portfolio
├ ○ /portfolio/k-beauty
├ ○ /portfolio/nexus-industrial
├ ○ /portfolio/precision-gear
├ ○ /privacy
├ ○ /projects
├ ○ /quote
├ ○ /quote/success
├ ○ /register
├ ○ /robots.txt
├ ○ /sitemap.xml
├ ○ /templates
├ ● /templates/[slug]
│ ├ /templates/classic-viewer
│ ├ /templates/export-standard
│ └ /templates/emt-masterpiece
├ ○ /templates/air-hstech
├ ○ /templates/air-hstech-light
├ ○ /templates/gentop
├ ○ /templates/hangseong
├ ○ /templates/hangseong/opengraph-image.png
├ ○ /templates/hs-tech
├ ○ /templates/hs-tech-kr
├ ○ /templates/hs-tech/about
├ ● /templates/hs-tech/brand/[brandId]
│ ├ /templates/hs-tech/brand/vaisala
│ ├ /templates/hs-tech/brand/setra
│ └ /templates/hs-tech/brand/jumo
├ ● /templates/hs-tech/category/[categoryId]
│ ├ /templates/hs-tech/category/humidity
│ ├ /templates/hs-tech/category/dewpoint
│ ├ /templates/hs-tech/category/co2
│ └ [+7 more paths]
├ ○ /templates/hs-tech/contact
├ ○ /templates/hs-tech/jumo
├ ● /templates/hs-tech/product/[productId]
│ ├ /templates/hs-tech/product/hmp1_9
│ ├ /templates/hs-tech/product/hmm170
│ ├ /templates/hs-tech/product/hmp155
│ └ [+84 more paths]
├ ƒ /templates/hs-tech/products/[category]
├ ○ /templates/hs-tech/setra
├ ● /templates/hs-tech/subcategory/[categoryId]/[subId]
│ ├ /templates/hs-tech/subcategory/humidity/handheld
│ ├ /templates/hs-tech/subcategory/humidity/industrial
│ ├ /templates/hs-tech/subcategory/humidity/hvac
│ └ [+19 more paths]
├ ○ /templates/hs-tech/support
├ ○ /templates/hs-tech/vaisala
├ ○ /terms
├ ○ /toss
├ ○ /toss/sites
├ ○ /toss/subscription
├ ○ /vibers/magazine
└ ● /vibers/magazine/[slug]
  ├ /vibers/magazine/welcome
  ├ /vibers/magazine/what-we-make
  └ /vibers/magazine/monthly-log


ƒ Proxy (Middleware)

○  (Static)   prerendered as static content
●  (SSG)      prerendered as static HTML (uses generateStaticParams)
ƒ  (Dynamic)  server-rendered on demand

